Determining if the pthread_create exist failed with the following output:
Change Dir: /home/icolwell/CoffeeBot/workspace/build/CMakeFiles/CMakeTmp

Run Build Command:/usr/bin/make "cmTryCompileExec490492221/fast"
/usr/bin/make -f CMakeFiles/cmTryCompileExec490492221.dir/build.make CMakeFiles/cmTryCompileExec490492221.dir/build
make[1]: Entering directory `/home/icolwell/CoffeeBot/workspace/build/CMakeFiles/CMakeTmp'
/usr/bin/cmake -E cmake_progress_report /home/icolwell/CoffeeBot/workspace/build/CMakeFiles/CMakeTmp/CMakeFiles 1
Building C object CMakeFiles/cmTryCompileExec490492221.dir/CheckSymbolExists.c.o
/usr/bin/cc    -o CMakeFiles/cmTryCompileExec490492221.dir/CheckSymbolExists.c.o   -c /home/icolwell/CoffeeBot/workspace/build/CMakeFiles/CMakeTmp/CheckSymbolExists.c
Linking C executable cmTryCompileExec490492221
/usr/bin/cmake -E cmake_link_script CMakeFiles/cmTryCompileExec490492221.dir/link.txt --verbose=1
/usr/bin/cc       CMakeFiles/cmTryCompileExec490492221.dir/CheckSymbolExists.c.o  -o cmTryCompileExec490492221 -rdynamic 
CMakeFiles/cmTryCompileExec490492221.dir/CheckSymbolExists.c.o: In function `main':
CheckSymbolExists.c:(.text+0x16): undefined reference to `pthread_create'
collect2: error: ld returned 1 exit status
make[1]: Leaving directory `/home/icolwell/CoffeeBot/workspace/build/CMakeFiles/CMakeTmp'
make[1]: *** [cmTryCompileExec490492221] Error 1
make: *** [cmTryCompileExec490492221/fast] Error 2

File /home/icolwell/CoffeeBot/workspace/build/CMakeFiles/CMakeTmp/CheckSymbolExists.c:
/* */
#include <pthread.h>

int main(int argc, char** argv)
{
  (void)argv;
#ifndef pthread_create
  return ((int*)(&pthread_create))[argc];
#else
  (void)argc;
  return 0;
#endif
}

Determining if the function pthread_create exists in the pthreads failed with the following output:
Change Dir: /home/icolwell/CoffeeBot/workspace/build/CMakeFiles/CMakeTmp

Run Build Command:/usr/bin/make "cmTryCompileExec2184776169/fast"
/usr/bin/make -f CMakeFiles/cmTryCompileExec2184776169.dir/build.make CMakeFiles/cmTryCompileExec2184776169.dir/build
make[1]: Entering directory `/home/icolwell/CoffeeBot/workspace/build/CMakeFiles/CMakeTmp'
/usr/bin/cmake -E cmake_progress_report /home/icolwell/CoffeeBot/workspace/build/CMakeFiles/CMakeTmp/CMakeFiles 1
Building C object CMakeFiles/cmTryCompileExec2184776169.dir/CheckFunctionExists.c.o
/usr/bin/cc   -DCHECK_FUNCTION_EXISTS=pthread_create   -o CMakeFiles/cmTryCompileExec2184776169.dir/CheckFunctionExists.c.o   -c /usr/share/cmake-2.8/Modules/CheckFunctionExists.c
Linking C executable cmTryCompileExec2184776169
/usr/bin/cmake -E cmake_link_script CMakeFiles/cmTryCompileExec2184776169.dir/link.txt --verbose=1
/usr/bin/cc   -DCHECK_FUNCTION_EXISTS=pthread_create    CMakeFiles/cmTryCompileExec2184776169.dir/CheckFunctionExists.c.o  -o cmTryCompileExec2184776169 -rdynamic -lpthreads 
/usr/bin/ld: cannot find -lpthreads
collect2: error: ld returned 1 exit status
make[1]: *** [cmTryCompileExec2184776169] Error 1
make[1]: Leaving directory `/home/icolwell/CoffeeBot/workspace/build/CMakeFiles/CMakeTmp'
make: *** [cmTryCompileExec2184776169/fast] Error 2


